<?xml version="1.0" encoding="utf-8"?><testsuites name="pytest tests"><testsuite name="pytest" errors="0" failures="0" skipped="0" tests="75" time="105.780" timestamp="2026-08-27T11:50:03.044991+00:00" hostname="agent-env-d787f5b5-7ff2-4960-9476-75b95590504a"><testcase classname="tests.test_iteration3_features.TestSources" name="test_returns_eight_entries_with_shape" time="0.557" /><testcase classname="tests.test_iteration3_features.TestPreferences" name="test_get_defaults_for_fresh_user" time="0.073" /><testcase classname="tests.test_iteration3_features.TestPreferences" name="test_post_updates_tax_year" time="0.146" /><testcase classname="tests.test_iteration3_features.TestPreferences" name="test_post_rejects_invalid_tax_year" time="0.075" /><testcase classname="tests.test_iteration3_features.TestPreferences" name="test_post_persists_cpa_email" time="0.088" /><testcase classname="tests.test_iteration3_features.TestConsent" name="test_sign_requires_signed_name_and_accept" time="0.145" /><testcase classname="tests.test_iteration3_features.TestConsent" name="test_sign_success_updates_prefs" time="0.075" /><testcase classname="tests.test_iteration3_features.TestConsent" name="test_revoke_clears_consent" time="0.088" /><testcase classname="tests.test_iteration3_features.TestHandoffPDF" name="test_generate_pdf_for_known_item" time="0.324" /><testcase classname="tests.test_iteration3_features.TestHandoffPDF" name="test_unknown_item_returns_404" time="0.106" /><testcase classname="tests.test_iteration3_features.TestChatTaxYear" name="test_chat_echoes_tax_year" time="11.329" /><testcase classname="tests.test_iteration4_features.TestRulesDiff" name="test_diff_2025_to_2024_has_4_changed_out_of_7" time="0.560" /><testcase classname="tests.test_iteration4_features.TestRulesDiff" name="test_diff_2023_to_2025_all_shape_ok" time="0.139" /><testcase classname="tests.test_iteration4_features.TestRulesDiff" name="test_diff_invalid_year_returns_400" time="0.146" /><testcase classname="tests.test_iteration4_features.TestCPADirectory" name="test_unfiltered_returns_12" time="0.076" /><testcase classname="tests.test_iteration4_features.TestCPADirectory" name="test_search_state_ca_returns_two" time="0.072" /><testcase classname="tests.test_iteration4_features.TestCPADirectory" name="test_search_by_name" time="0.074" /><testcase classname="tests.test_iteration4_features.TestCPADirectory" name="test_search_by_firm" time="0.072" /><testcase classname="tests.test_iteration4_features.TestCPADirectory" name="test_search_by_specialty" time="0.079" /><testcase classname="tests.test_iteration4_features.TestTaxpayersAndHandoffs" name="test_lazy_self_taxpayer_on_first_list" time="0.435" /><testcase classname="tests.test_iteration4_features.TestTaxpayersAndHandoffs" name="test_full_taxpayer_lifecycle_and_isolation" time="1.610" /><testcase classname="tests.test_iteration4_features.TestTaxpayersAndHandoffs" name="test_create_all_relationship_types" time="0.578" /><testcase classname="tests.test_iteration4_features.TestRegression" name="test_sources_still_returns_8" time="0.068" /><testcase classname="tests.test_iteration4_features.TestRegression" name="test_preferences_defaults" time="0.360" /><testcase classname="tests.test_iteration4_features.TestRegression" name="test_chat_still_works" time="4.605" /><testcase classname="tests.test_iteration4_features.TestRegression" name="test_refund_estimator_still_works" time="0.465" /><testcase classname="tests.test_new_features.TestRefundEstimate" name="test_empty_user_insufficient" time="0.479" /><testcase classname="tests.test_new_features.TestRefundEstimate" name="test_seeded_user_blocked" time="0.536" /><testcase classname="tests.test_new_features.TestRefundEstimate" name="test_disclaimer_always_present" time="0.081" /><testcase classname="tests.test_new_features.TestPotentialItems" name="test_list_catalog" time="0.117" /><testcase classname="tests.test_new_features.TestPotentialItems" name="test_detection_flag_after_seed" time="0.101" /><testcase classname="tests.test_new_features.TestPotentialItems" name="test_set_valid_disposition" time="0.211" /><testcase classname="tests.test_new_features.TestPotentialItems" name="test_reject_unknown_disposition" time="0.070" /><testcase classname="tests.test_new_features.TestPotentialItems" name="test_reject_unknown_item" time="0.072" /><testcase classname="tests.test_new_features.TestPotentialItems" name="test_save_for_pro_review_creates_review_item" time="0.276" /><testcase classname="tests.test_new_features.TestPotentialItems" name="test_all_dispositions_accepted" time="0.238" /><testcase classname="tests.test_new_features.TestChat" name="test_chat_returns_shape" time="16.344" /><testcase classname="tests.test_new_features.TestChat" name="test_chat_answer_non_empty" time="10.391" /><testcase classname="tests.test_security_fixes.TestSEC001AppleAuth" name="test_invalid_token_returns_401" time="0.203" /><testcase classname="tests.test_security_fixes.TestSEC001AppleAuth" name="test_malformed_jwt_returns_401" time="0.051" /><testcase classname="tests.test_security_fixes.TestSEC001AppleAuth" name="test_missing_token_returns_422" time="0.049" /><testcase classname="tests.test_security_fixes.TestSEC001AppleAuth" name="test_code_inspection_req_email_not_used_for_lookup" time="0.001" /><testcase classname="tests.test_security_fixes.TestSEC002DocumentFile" name="test_query_token_rejected_401" time="0.530" /><testcase classname="tests.test_security_fixes.TestSEC002DocumentFile" name="test_no_auth_rejected_401" time="0.125" /><testcase classname="tests.test_security_fixes.TestSEC002DocumentFile" name="test_bearer_header_accepted_404_no_storage" time="0.143" /><testcase classname="tests.test_security_fixes.TestSEC002DocumentFile" name="test_cross_user_isolation" time="0.417" /><testcase classname="tests.test_security_fixes.TestSEC002DocumentFile" name="test_cross_taxpayer_isolation" time="0.621" /><testcase classname="tests.test_security_fixes.TestSEC003Uploads" name="test_reject_exe_extension_400" time="0.138" /><testcase classname="tests.test_security_fixes.TestSEC003Uploads" name="test_reject_sh_extension_400" time="0.098" /><testcase classname="tests.test_security_fixes.TestSEC003Uploads" name="test_reject_empty_file_400" time="0.101" /><testcase classname="tests.test_security_fixes.TestSEC003Uploads" name="test_reject_too_large_413" time="0.831" /><testcase classname="tests.test_security_fixes.TestSEC003Uploads" name="test_accept_valid_pdf_200" time="0.329" /><testcase classname="tests.test_security_fixes.TestSEC003Uploads" name="test_accept_valid_jpg_200" time="0.266" /><testcase classname="tests.test_security_fixes.TestSEC003Uploads" name="test_accept_valid_xlsx_200" time="0.271" /><testcase classname="tests.test_security_fixes.TestSEC003Chat" name="test_reject_empty_message_400" time="0.097" /><testcase classname="tests.test_security_fixes.TestSEC003Chat" name="test_reject_whitespace_only_400" time="0.118" /><testcase classname="tests.test_security_fixes.TestSEC003Chat" name="test_reject_too_long_400" time="0.117" /><testcase classname="tests.test_security_fixes.TestSEC003Chat" name="test_accept_boundary_length_200" time="22.479" /><testcase classname="tests.test_security_fixes.TestSEC003Chat" name="test_accept_short_message_200" time="14.196" /><testcase classname="tests.test_taxpilot_api.TestAuth" name="test_login_wrong_pw" time="0.191" /><testcase classname="tests.test_taxpilot_api.TestAuth" name="test_login_success" time="0.625" /><testcase classname="tests.test_taxpilot_api.TestAuth" name="test_me" time="0.066" /><testcase classname="tests.test_taxpilot_api.TestAuth" name="test_me_unauth" time="0.060" /><testcase classname="tests.test_taxpilot_api.TestAuth" name="test_signup_duplicate" time="0.067" /><testcase classname="tests.test_taxpilot_api.TestDemoAndDocuments" name="test_demo_seed" time="0.068" /><testcase classname="tests.test_taxpilot_api.TestDemoAndDocuments" name="test_list_documents" time="0.144" /><testcase classname="tests.test_taxpilot_api.TestDemoAndDocuments" name="test_get_single_document" time="0.162" /><testcase classname="tests.test_taxpilot_api.TestDemoAndDocuments" name="test_get_missing_document" time="0.080" /><testcase classname="tests.test_taxpilot_api.TestExtraction" name="test_extract_claude" time="7.336" /><testcase classname="tests.test_taxpilot_api.TestExtraction" name="test_extract_gpt" time="3.840" /><testcase classname="tests.test_taxpilot_api.TestReviewQueue" name="test_list_review" time="0.075" /><testcase classname="tests.test_taxpilot_api.TestReviewQueue" name="test_acknowledge" time="0.182" /><testcase classname="tests.test_taxpilot_api.TestReviewQueue" name="test_skip" time="0.177" /><testcase classname="tests.test_taxpilot_api.TestPipelineDeductions" name="test_return_status" time="0.106" /><testcase classname="tests.test_taxpilot_api.TestPipelineDeductions" name="test_deductions" time="0.062" /></testsuite></testsuites>