<?xml version="1.0" encoding="utf-8"?><testsuites name="pytest tests"><testsuite name="pytest" errors="0" failures="1" skipped="0" tests="15" time="7.274" timestamp="2026-08-27T11:21:54.436526+00:00" hostname="agent-env-d787f5b5-7ff2-4960-9476-75b95590504a"><testcase classname="tests.test_iteration4_features.TestRegression" name="test_sources_still_returns_8" time="0.726" /><testcase classname="tests.test_iteration4_features.TestCPADirectory" name="test_unfiltered_returns_12" time="0.740" /><testcase classname="tests.test_iteration4_features.TestRegression" name="test_preferences_defaults" time="0.347" /><testcase classname="tests.test_iteration4_features.TestCPADirectory" name="test_search_state_ca_returns_two" time="0.281" /><testcase classname="tests.test_iteration4_features.TestCPADirectory" name="test_search_by_name" time="0.062" /><testcase classname="tests.test_iteration4_features.TestRegression" name="test_chat_still_works" time="5.088" /><testcase classname="tests.test_iteration4_features.TestCPADirectory" name="test_search_by_firm" time="0.165" /><testcase classname="tests.test_iteration4_features.TestCPADirectory" name="test_search_by_specialty" time="0.063" /><testcase classname="tests.test_iteration4_features.TestTaxpayersAndHandoffs" name="test_lazy_self_taxpayer_on_first_list" time="0.419" /><testcase classname="tests.test_iteration4_features.TestTaxpayersAndHandoffs" name="test_full_taxpayer_lifecycle_and_isolation" time="1.607"><failure message="AssertionError: assert 1 == 0&#10; +  where 1 = len([{'handoff_id': 'afb09644eae342c2a5e21794ac2210c6', 'user_id': 'user_19f37ed624b3', 'taxpayer_id': 'tp_dd90c5e222ec', 'item_id': 'home_office', ...}])">backend/tests/test_iteration4_features.py:224: in test_full_taxpayer_lifecycle_and_isolation
    assert len(self_hs["handoffs"]) == 0
E   AssertionError: assert 1 == 0
E    +  where 1 = len([{'handoff_id': 'afb09644eae342c2a5e21794ac2210c6', 'user_id': 'user_19f37ed624b3', 'taxpayer_id': 'tp_dd90c5e222ec', 'item_id': 'home_office', ...}])</failure></testcase><testcase classname="tests.test_iteration4_features.TestTaxpayersAndHandoffs" name="test_create_all_relationship_types" time="0.548" /><testcase classname="tests.test_iteration4_features.TestRegression" name="test_refund_estimator_still_works" time="0.426" /><testcase classname="tests.test_iteration4_features.TestRulesDiff" name="test_diff_2025_to_2024_has_4_changed_out_of_7" time="0.062" /><testcase classname="tests.test_iteration4_features.TestRulesDiff" name="test_diff_2023_to_2025_all_shape_ok" time="0.119" /><testcase classname="tests.test_iteration4_features.TestRulesDiff" name="test_diff_invalid_year_returns_400" time="0.121" /></testsuite></testsuites>