<?xml version="1.0" encoding="utf-8"?><testsuites name="pytest tests"><testsuite name="pytest" errors="0" failures="0" skipped="0" tests="11" time="13.505" timestamp="2026-08-27T10:10:33.023773+00:00" hostname="agent-env-d787f5b5-7ff2-4960-9476-75b95590504a"><testcase classname="tests.test_iteration3_features.TestConsent" name="test_sign_requires_signed_name_and_accept" time="0.944" /><testcase classname="tests.test_iteration3_features.TestPreferences" name="test_get_defaults_for_fresh_user" time="0.928" /><testcase classname="tests.test_iteration3_features.TestPreferences" name="test_post_updates_tax_year" time="0.135" /><testcase classname="tests.test_iteration3_features.TestConsent" name="test_sign_success_updates_prefs" time="0.103" /><testcase classname="tests.test_iteration3_features.TestConsent" name="test_revoke_clears_consent" time="0.063" /><testcase classname="tests.test_iteration3_features.TestPreferences" name="test_post_rejects_invalid_tax_year" time="0.115" /><testcase classname="tests.test_iteration3_features.TestHandoffPDF" name="test_generate_pdf_for_known_item" time="0.391" /><testcase classname="tests.test_iteration3_features.TestPreferences" name="test_post_persists_cpa_email" time="0.331" /><testcase classname="tests.test_iteration3_features.TestHandoffPDF" name="test_unknown_item_returns_404" time="0.071" /><testcase classname="tests.test_iteration3_features.TestSources" name="test_returns_eight_entries_with_shape" time="0.076" /><testcase classname="tests.test_iteration3_features.TestChatTaxYear" name="test_chat_echoes_tax_year" time="11.619" /></testsuite></testsuites>