<?xml version="1.0" encoding="utf-8"?><testsuites name="pytest tests"><testsuite name="pytest" errors="0" failures="0" skipped="0" tests="54" time="61.729" timestamp="2026-08-27T11:23:56.993418+00:00" hostname="agent-env-d787f5b5-7ff2-4960-9476-75b95590504a"><testcase classname="tests.test_iteration3_features.TestSources" name="test_returns_eight_entries_with_shape" time="0.525" /><testcase classname="tests.test_iteration3_features.TestPreferences" name="test_get_defaults_for_fresh_user" time="0.065" /><testcase classname="tests.test_iteration3_features.TestPreferences" name="test_post_updates_tax_year" time="0.125" /><testcase classname="tests.test_iteration3_features.TestPreferences" name="test_post_rejects_invalid_tax_year" time="0.062" /><testcase classname="tests.test_iteration3_features.TestPreferences" name="test_post_persists_cpa_email" time="0.066" /><testcase classname="tests.test_iteration3_features.TestConsent" name="test_sign_requires_signed_name_and_accept" time="0.147" /><testcase classname="tests.test_iteration3_features.TestConsent" name="test_sign_success_updates_prefs" time="0.064" /><testcase classname="tests.test_iteration3_features.TestConsent" name="test_revoke_clears_consent" time="0.066" /><testcase classname="tests.test_iteration3_features.TestHandoffPDF" name="test_generate_pdf_for_known_item" time="0.074" /><testcase classname="tests.test_iteration3_features.TestHandoffPDF" name="test_unknown_item_returns_404" time="0.075" /><testcase classname="tests.test_iteration3_features.TestChatTaxYear" name="test_chat_echoes_tax_year" time="9.872" /><testcase classname="tests.test_iteration4_features.TestRulesDiff" name="test_diff_2025_to_2024_has_4_changed_out_of_7" time="0.477" /><testcase classname="tests.test_iteration4_features.TestRulesDiff" name="test_diff_2023_to_2025_all_shape_ok" time="0.135" /><testcase classname="tests.test_iteration4_features.TestRulesDiff" name="test_diff_invalid_year_returns_400" time="0.134" /><testcase classname="tests.test_iteration4_features.TestCPADirectory" name="test_unfiltered_returns_12" time="0.070" /><testcase classname="tests.test_iteration4_features.TestCPADirectory" name="test_search_state_ca_returns_two" time="0.070" /><testcase classname="tests.test_iteration4_features.TestCPADirectory" name="test_search_by_name" time="0.068" /><testcase classname="tests.test_iteration4_features.TestCPADirectory" name="test_search_by_firm" time="0.072" /><testcase classname="tests.test_iteration4_features.TestCPADirectory" name="test_search_by_specialty" time="0.069" /><testcase classname="tests.test_iteration4_features.TestTaxpayersAndHandoffs" name="test_lazy_self_taxpayer_on_first_list" time="0.430" /><testcase classname="tests.test_iteration4_features.TestTaxpayersAndHandoffs" name="test_full_taxpayer_lifecycle_and_isolation" time="1.638" /><testcase classname="tests.test_iteration4_features.TestTaxpayersAndHandoffs" name="test_create_all_relationship_types" time="0.615" /><testcase classname="tests.test_iteration4_features.TestRegression" name="test_sources_still_returns_8" time="0.070" /><testcase classname="tests.test_iteration4_features.TestRegression" name="test_preferences_defaults" time="0.369" /><testcase classname="tests.test_iteration4_features.TestRegression" name="test_chat_still_works" time="4.038" /><testcase classname="tests.test_iteration4_features.TestRegression" name="test_refund_estimator_still_works" time="0.438" /><testcase classname="tests.test_new_features.TestRefundEstimate" name="test_empty_user_insufficient" time="0.534" /><testcase classname="tests.test_new_features.TestRefundEstimate" name="test_seeded_user_blocked" time="0.426" /><testcase classname="tests.test_new_features.TestRefundEstimate" name="test_disclaimer_always_present" time="0.065" /><testcase classname="tests.test_new_features.TestPotentialItems" name="test_list_catalog" time="0.068" /><testcase classname="tests.test_new_features.TestPotentialItems" name="test_detection_flag_after_seed" time="0.066" /><testcase classname="tests.test_new_features.TestPotentialItems" name="test_set_valid_disposition" time="0.133" /><testcase classname="tests.test_new_features.TestPotentialItems" name="test_reject_unknown_disposition" time="0.064" /><testcase classname="tests.test_new_features.TestPotentialItems" name="test_reject_unknown_item" time="0.067" /><testcase classname="tests.test_new_features.TestPotentialItems" name="test_save_for_pro_review_creates_review_item" time="0.206" /><testcase classname="tests.test_new_features.TestPotentialItems" name="test_all_dispositions_accepted" time="0.197" /><testcase classname="tests.test_new_features.TestChat" name="test_chat_returns_shape" time="17.895" /><testcase classname="tests.test_new_features.TestChat" name="test_chat_answer_non_empty" time="9.663" /><testcase classname="tests.test_taxpilot_api.TestAuth" name="test_login_wrong_pw" time="0.278" /><testcase classname="tests.test_taxpilot_api.TestAuth" name="test_login_success" time="0.610" /><testcase classname="tests.test_taxpilot_api.TestAuth" name="test_me" time="0.077" /><testcase classname="tests.test_taxpilot_api.TestAuth" name="test_me_unauth" time="0.074" /><testcase classname="tests.test_taxpilot_api.TestAuth" name="test_signup_duplicate" time="0.074" /><testcase classname="tests.test_taxpilot_api.TestDemoAndDocuments" name="test_demo_seed" time="0.082" /><testcase classname="tests.test_taxpilot_api.TestDemoAndDocuments" name="test_list_documents" time="0.088" /><testcase classname="tests.test_taxpilot_api.TestDemoAndDocuments" name="test_get_single_document" time="0.177" /><testcase classname="tests.test_taxpilot_api.TestDemoAndDocuments" name="test_get_missing_document" time="0.077" /><testcase classname="tests.test_taxpilot_api.TestExtraction" name="test_extract_claude" time="6.494" /><testcase classname="tests.test_taxpilot_api.TestExtraction" name="test_extract_gpt" time="3.815" /><testcase classname="tests.test_taxpilot_api.TestReviewQueue" name="test_list_review" time="0.077" /><testcase classname="tests.test_taxpilot_api.TestReviewQueue" name="test_acknowledge" time="0.154" /><testcase classname="tests.test_taxpilot_api.TestReviewQueue" name="test_skip" time="0.175" /><testcase classname="tests.test_taxpilot_api.TestPipelineDeductions" name="test_return_status" time="0.090" /><testcase classname="tests.test_taxpilot_api.TestPipelineDeductions" name="test_deductions" time="0.079" /></testsuite></testsuites>