<?xml version="1.0" encoding="utf-8"?><testsuites name="pytest tests"><testsuite name="pytest" errors="0" failures="0" skipped="0" tests="21" time="36.472" timestamp="2026-08-27T11:49:21.306925+00:00" hostname="agent-env-d787f5b5-7ff2-4960-9476-75b95590504a"><testcase classname="tests.test_security_fixes.TestSEC003Uploads" name="test_reject_exe_extension_400" time="1.021" /><testcase classname="tests.test_security_fixes.TestSEC002DocumentFile" name="test_query_token_rejected_401" time="1.148" /><testcase classname="tests.test_security_fixes.TestSEC003Uploads" name="test_reject_sh_extension_400" time="0.196" /><testcase classname="tests.test_security_fixes.TestSEC002DocumentFile" name="test_no_auth_rejected_401" time="0.194" /><testcase classname="tests.test_security_fixes.TestSEC003Uploads" name="test_reject_empty_file_400" time="0.216" /><testcase classname="tests.test_security_fixes.TestSEC002DocumentFile" name="test_bearer_header_accepted_404_no_storage" time="0.121" /><testcase classname="tests.test_security_fixes.TestSEC003Uploads" name="test_reject_too_large_413" time="1.578" /><testcase classname="tests.test_security_fixes.TestSEC002DocumentFile" name="test_cross_user_isolation" time="0.452" /><testcase classname="tests.test_security_fixes.TestSEC002DocumentFile" name="test_cross_taxpayer_isolation" time="0.815" /><testcase classname="tests.test_security_fixes.TestSEC003Chat" name="test_reject_empty_message_400" time="0.107" /><testcase classname="tests.test_security_fixes.TestSEC003Chat" name="test_reject_whitespace_only_400" time="0.141" /><testcase classname="tests.test_security_fixes.TestSEC003Chat" name="test_reject_too_long_400" time="0.127" /><testcase classname="tests.test_security_fixes.TestSEC003Uploads" name="test_accept_valid_pdf_200" time="0.387" /><testcase classname="tests.test_security_fixes.TestSEC003Chat" name="test_accept_boundary_length_200" time="20.782" /><testcase classname="tests.test_security_fixes.TestSEC003Uploads" name="test_accept_valid_jpg_200" time="0.277" /><testcase classname="tests.test_security_fixes.TestSEC003Uploads" name="test_accept_valid_xlsx_200" time="0.314" /><testcase classname="tests.test_security_fixes.TestSEC003Chat" name="test_accept_short_message_200" time="12.089" /><testcase classname="tests.test_security_fixes.TestSEC001AppleAuth" name="test_invalid_token_returns_401" time="0.063" /><testcase classname="tests.test_security_fixes.TestSEC001AppleAuth" name="test_malformed_jwt_returns_401" time="0.048" /><testcase classname="tests.test_security_fixes.TestSEC001AppleAuth" name="test_missing_token_returns_422" time="0.054" /><testcase classname="tests.test_security_fixes.TestSEC001AppleAuth" name="test_code_inspection_req_email_not_used_for_lookup" time="0.002" /></testsuite></testsuites>