<?xml version="1.0" encoding="utf-8"?><testsuites name="pytest tests"><testsuite name="pytest" errors="0" failures="0" skipped="0" tests="12" time="20.263" timestamp="2026-08-27T09:54:39.512953+00:00" hostname="agent-env-d787f5b5-7ff2-4960-9476-75b95590504a"><testcase classname="tests.test_new_features.TestRefundEstimate" name="test_empty_user_insufficient" time="0.626" /><testcase classname="tests.test_new_features.TestRefundEstimate" name="test_seeded_user_blocked" time="0.370" /><testcase classname="tests.test_new_features.TestRefundEstimate" name="test_disclaimer_always_present" time="0.045" /><testcase classname="tests.test_new_features.TestPotentialItems" name="test_list_catalog" time="0.049" /><testcase classname="tests.test_new_features.TestPotentialItems" name="test_detection_flag_after_seed" time="0.054" /><testcase classname="tests.test_new_features.TestPotentialItems" name="test_set_valid_disposition" time="0.118" /><testcase classname="tests.test_new_features.TestPotentialItems" name="test_reject_unknown_disposition" time="0.046" /><testcase classname="tests.test_new_features.TestPotentialItems" name="test_reject_unknown_item" time="0.045" /><testcase classname="tests.test_new_features.TestPotentialItems" name="test_save_for_pro_review_creates_review_item" time="0.159" /><testcase classname="tests.test_new_features.TestPotentialItems" name="test_all_dispositions_accepted" time="0.136" /><testcase classname="tests.test_new_features.TestChat" name="test_chat_returns_shape" time="12.842" /><testcase classname="tests.test_new_features.TestChat" name="test_chat_answer_non_empty" time="5.703" /></testsuite></testsuites>