<?xml version="1.0" encoding="utf-8"?><testsuites name="pytest tests"><testsuite name="pytest" errors="0" failures="1" skipped="0" tests="16" time="11.532" timestamp="2026-08-27T08:44:02.131103+00:00" hostname="agent-env-d787f5b5-7ff2-4960-9476-75b95590504a"><testcase classname="tests.test_taxpilot_api.TestAuth" name="test_login_wrong_pw" time="0.235" /><testcase classname="tests.test_taxpilot_api.TestAuth" name="test_login_success" time="0.048"><failure message="assert 401 == 200&#10; +  where 401 = &lt;Response [401]&gt;.status_code">backend/tests/test_taxpilot_api.py:46: in test_login_success
    assert r.status_code == 200
E   assert 401 == 200
E    +  where 401 = &lt;Response [401]&gt;.status_code</failure></testcase><testcase classname="tests.test_taxpilot_api.TestAuth" name="test_me" time="0.321" /><testcase classname="tests.test_taxpilot_api.TestAuth" name="test_me_unauth" time="0.045" /><testcase classname="tests.test_taxpilot_api.TestAuth" name="test_signup_duplicate" time="0.050" /><testcase classname="tests.test_taxpilot_api.TestDemoAndDocuments" name="test_demo_seed" time="0.049" /><testcase classname="tests.test_taxpilot_api.TestDemoAndDocuments" name="test_list_documents" time="0.047" /><testcase classname="tests.test_taxpilot_api.TestDemoAndDocuments" name="test_get_single_document" time="0.103" /><testcase classname="tests.test_taxpilot_api.TestDemoAndDocuments" name="test_get_missing_document" time="0.048" /><testcase classname="tests.test_taxpilot_api.TestExtraction" name="test_extract_claude" time="6.225" /><testcase classname="tests.test_taxpilot_api.TestExtraction" name="test_extract_gpt" time="3.960" /><testcase classname="tests.test_taxpilot_api.TestReviewQueue" name="test_list_review" time="0.049" /><testcase classname="tests.test_taxpilot_api.TestReviewQueue" name="test_acknowledge" time="0.095" /><testcase classname="tests.test_taxpilot_api.TestReviewQueue" name="test_skip" time="0.093" /><testcase classname="tests.test_taxpilot_api.TestPipelineDeductions" name="test_return_status" time="0.048" /><testcase classname="tests.test_taxpilot_api.TestPipelineDeductions" name="test_deductions" time="0.045" /></testsuite></testsuites>